#
# A fatal error has been detected by the Java Runtime Environment:
#
#  SIGSEGV (0xb) at pc=0x00007fc08d05ad7a, pid=10549, tid=140464472352512
#
# JRE version: 7.0_21-b11
# Java VM: Java HotSpot(TM) 64-Bit Server VM (23.21-b01 mixed mode linux-amd64 compressed oops)
# Problematic frame:
# v  ~BufferBlob::jni_fast_GetLongField
#
# Failed to write core dump. Core dumps have been disabled. To enable core dumping, try "ulimit -c unlimited" before starting Java again
#
# If you would like to submit a bug report, please visit:
#   http://bugreport.sun.com/bugreport/crash.jsp
# The crash happened outside the Java Virtual Machine in native code.
# See problematic frame for where to report the bug.
#

---------------  T H R E A D  ---------------

Current thread (0x00007fc0903c8800):  JavaThread "AWT-XAWT" daemon [_thread_in_native, id=10568, stack(0x00007fc06eea6000,0x00007fc06efa7000)]

siginfo:si_signo=SIGSEGV: si_errno=0, si_code=1 (SEGV_MAPERR), si_addr=0x0000000000000000

Registers:
RAX=0x00007fc0980e5300, RBX=0x00000000bc6a6110, RCX=0x00007fc098b32320, RDX=0x0000000000000042
RSP=0x00007fc06efa56c8, RBP=0x00007fc06efa56f0, RSI=0x0000000000000000, RDI=0x00007fc0903c89d8
R8 =0x0000000000000320, R9 =0x0000000000000000, R10=0x00000000000008ee, R11=0x0000000000000000
R12=0x00007fc0903c89d8, R13=0x0000000000000000, R14=0x00007fc0748fef80, R15=0x00007fc0903c8800
RIP=0x00007fc08d05ad7a, EFLAGS=0x0000000000010246, CSGSFS=0x0000000000000033, ERR=0x0000000000000004
  TRAPNO=0x000000000000000e

Top of Stack: (sp=0x00007fc06efa56c8)
0x00007fc06efa56c8:   00007fc0746c9641 00000000bc6a6110
0x00007fc06efa56d8:   00007fc03000e4a0 00007fc08d1e50a8
0x00007fc06efa56e8:   00007fc06efa5770 0000000000000000
0x00007fc06efa56f8:   00007fc0741c5ae8 00000000bc6a6110
0x00007fc06efa5708:   00007fc06efa5730 0000000000000000
0x00007fc06efa5718:   00007fc0741bd9a3 00007fc08d1e50a8
0x00007fc06efa5728:   00007fc0746bf53f 00007fc06efa5780
0x00007fc06efa5738:   00007fc08d37db16 00000000c1ea6f30
0x00007fc06efa5748:   00000000c1ea6f30 00000000bd1e5dd8
0x00007fc06efa5758:   00000000c1aa9c50 00000000bd1e5620
0x00007fc06efa5768:   00000000c1aa7380 00000000c1801168
0x00007fc06efa5778:   00000000c22d8738 00000000c1a99f40
0x00007fc06efa5788:   00007fc08d1e3e6c 00000000c1a99f40
0x00007fc06efa5798:   c1a7f17000000000 0000000000000000
0x00007fc06efa57a8:   00000000ef48efd0 00000000ef48f008
0x00007fc06efa57b8:   00000000c22d8998 00000000c1aa7380
0x00007fc06efa57c8:   00000000ef43a270 00007fc03c0042c0
0x00007fc06efa57d8:   00000000c1a6c308 00000000c2182238
0x00007fc06efa57e8:   00000000c2182208 00000000c1ea6f30
0x00007fc06efa57f8:   00000000fb1e4950 0000000000000031
0x00007fc06efa5808:   0000000005c00100 00007fc06efa5870
0x00007fc06efa5818:   00007fc08d006158 0000000000000000
0x00007fc06efa5828:   00000000fb23d530 00007fc06efa5830
0x00007fc06efa5838:   00000000bcafb955 00007fc06efa5880
0x00007fc06efa5848:   00000000bcb08450 0000000000000000
0x00007fc06efa5858:   00000000bcafb960 00007fc06efa5820
0x00007fc06efa5868:   00007fc06efa5880 00007fc06efa58c8
0x00007fc06efa5878:   00007fc08d006806 00000000c1aa7380
0x00007fc06efa5888:   00007fc06efa5888 00000000bc6354fb
0x00007fc06efa5898:   00007fc06efa58d8 00000000bc6b4b38
0x00007fc06efa58a8:   0000000000000000 00000000bc635508
0x00007fc06efa58b8:   00007fc06efa5880 00007fc06efa58d8 

Instructions: (pc=0x00007fc08d05ad7a)
0x00007fc08d05ad5a:   00 00 00 00 00 00 44 8b 15 41 1b 0b 0b 4c 8b ce
0x00007fc08d05ad6a:   41 f6 c2 01 0f 85 2e 00 00 00 4d 33 ca 4d 33 ca
0x00007fc08d05ad7a:   4d 8b 09 4c 8b da 49 c1 eb 02 4b 8b 04 19 49 bb
0x00007fc08d05ad8a:   a8 c8 10 98 c0 7f 00 00 4c 33 d8 4c 33 d8 45 3b 

Register to memory mapping:

RAX=0x00007fc0980e5300: <offset 0xcd5300> in /usr/local/java/jdk1.7.0_21/jre/lib/amd64/server/libjvm.so at 0x00007fc097410000
RBX=0x00000000bc6a6110 is an oop
{instance class} 
 - klass: {other class}
RCX=0x00007fc098b32320: <offset 0x219320> in /lib/x86_64-linux-gnu/libpthread.so.0 at 0x00007fc098919000
RDX=0x0000000000000042 is an unknown value
RSP=0x00007fc06efa56c8 is pointing into the stack for thread: 0x00007fc0903c8800
RBP=0x00007fc06efa56f0 is pointing into the stack for thread: 0x00007fc0903c8800
RSI=0x0000000000000000 is an unknown value
RDI=0x00007fc0903c89d8 is an unknown value
R8 =0x0000000000000320 is an unknown value
R9 =0x0000000000000000 is an unknown value
R10=0x00000000000008ee is an unknown value
R11=0x0000000000000000 is an unknown value
R12=0x00007fc0903c89d8 is an unknown value
R13=0x0000000000000000 is an unknown value
R14=0x00007fc0748fef80: <offset 0x253f80> in /usr/local/java/jdk1.7.0_21/jre/lib/amd64/xawt/libmawt.so at 0x00007fc0746ab000
R15=0x00007fc0903c8800 is a thread


Stack: [0x00007fc06eea6000,0x00007fc06efa7000],  sp=0x00007fc06efa56c8,  free space=1021k
Native frames: (J=compiled Java code, j=interpreted, Vv=VM code, C=native code)
v  ~BufferBlob::jni_fast_GetLongField

Java frames: (J=compiled Java code, j=interpreted, Vv=VM code)
J  sun.awt.X11.XlibWrapper.XFilterEvent(JJ)Z
J  sun.awt.X11.XToolkit.run(Z)V
j  sun.awt.X11.XToolkit.run()V+5
j  java.lang.Thread.run()V+11
v  ~StubRoutines::call_stub

---------------  P R O C E S S  ---------------

Java Threads: ( => current thread )
  0x00007fc090008800 JavaThread "DestroyJavaVM" [_thread_blocked, id=10550, stack(0x00007fc098c31000,0x00007fc098d32000)]
  0x00007fc090aac000 JavaThread "Thread-1" [_thread_blocked, id=10579, stack(0x00007fc06dc6a000,0x00007fc06dd6b000)]
  0x00007fc09092e000 JavaThread "TimerQueue" daemon [_thread_blocked, id=10578, stack(0x00007fc06dd6b000,0x00007fc06de6c000)]
  0x00007fc09092c800 JavaThread "AWT-EventQueue-0" [_thread_blocked, id=10577, stack(0x00007fc06e276000,0x00007fc06e377000)]
  0x00007fc090928000 JavaThread "AWT-Shutdown" [_thread_blocked, id=10576, stack(0x00007fc06e175000,0x00007fc06e276000)]
=>0x00007fc0903c8800 JavaThread "AWT-XAWT" daemon [_thread_in_native, id=10568, stack(0x00007fc06eea6000,0x00007fc06efa7000)]
  0x00007fc09038b800 JavaThread "Java2D Disposer" daemon [_thread_blocked, id=10567, stack(0x00007fc074063000,0x00007fc074164000)]
  0x00007fc090240000 JavaThread "Service Thread" daemon [_thread_blocked, id=10565, stack(0x00007fc074cd3000,0x00007fc074dd4000)]
  0x00007fc09023d800 JavaThread "C2 CompilerThread1" daemon [_thread_blocked, id=10564, stack(0x00007fc074dd4000,0x00007fc074ed5000)]
  0x00007fc09023a800 JavaThread "C2 CompilerThread0" daemon [_thread_blocked, id=10563, stack(0x00007fc074ed5000,0x00007fc074fd6000)]
  0x00007fc090238800 JavaThread "Signal Dispatcher" daemon [_thread_blocked, id=10562, stack(0x00007fc074fd6000,0x00007fc0750d7000)]
  0x00007fc0901eb800 JavaThread "Finalizer" daemon [_thread_blocked, id=10561, stack(0x00007fc07592b000,0x00007fc075a2c000)]
  0x00007fc0901e9000 JavaThread "Reference Handler" daemon [_thread_blocked, id=10560, stack(0x00007fc075a2c000,0x00007fc075b2d000)]

Other Threads:
  0x00007fc0901e1800 VMThread [stack: 0x00007fc075b2d000,0x00007fc075c2e000] [id=10559]
  0x00007fc09024a800 WatcherThread [stack: 0x00007fc074bd2000,0x00007fc074cd3000] [id=10566]

VM state:not at safepoint (normal execution)

VM Mutex/Monitor currently owned by a thread: None

Heap
 PSYoungGen      total 302080K, used 84239K [0x00000000eb2b0000, 0x0000000100000000, 0x0000000100000000)
  eden space 259840K, 26% used [0x00000000eb2b0000,0x00000000ef7069d8,0x00000000fb070000)
  from space 42240K, 33% used [0x00000000fd6c0000,0x00000000fe4ad4b0,0x0000000100000000)
  to   space 39232K, 0% used [0x00000000fb070000,0x00000000fb070000,0x00000000fd6c0000)
 ParOldGen       total 101504K, used 36469K [0x00000000c1800000, 0x00000000c7b20000, 0x00000000eb2b0000)
  object space 101504K, 35% used [0x00000000c1800000,0x00000000c3b9d6a8,0x00000000c7b20000)
 PSPermGen       total 66368K, used 34007K [0x00000000bc600000, 0x00000000c06d0000, 0x00000000c1800000)
  object space 66368K, 51% used [0x00000000bc600000,0x00000000be735d58,0x00000000c06d0000)

Card table byte_map: [0x00007fc095e54000,0x00007fc096072000] byte_map_base: 0x00007fc095871000

Polling page: 0x00007fc098d56000

Code Cache  [0x00007fc08d000000, 0x00007fc08d490000, 0x00007fc090000000)
 total_blobs=1859 nmethods=1220 adapters=590 free_code_cache=44574Kb largest_free_block=45568960

Compilation events (10 events):
Event: 1948.333 Thread 0x00007fc09023a800 1270   !         java.util.concurrent.DelayQueue::take (212 bytes)
Event: 1948.360 Thread 0x00007fc09023a800 nmethod 1270 0x00007fc08d475a90 code [0x00007fc08d475ce0, 0x00007fc08d476750]
Event: 2120.371 Thread 0x00007fc09023d800 1271             javax.swing.TimerQueue$DelayedTimer::getTimer (5 bytes)
Event: 2120.371 Thread 0x00007fc09023d800 nmethod 1271 0x00007fc08d466210 code [0x00007fc08d466340, 0x00007fc08d466398]
Event: 2270.609 Thread 0x00007fc09023a800 1272             javax.swing.text.PlainView::updateDamage (354 bytes)
Event: 2270.610 Thread 0x00007fc09023d800 1273             javax.swing.text.GapContent::shiftGapStartDown (82 bytes)
Event: 2270.622 Thread 0x00007fc09023d800 nmethod 1273 0x00007fc08d46b090 code [0x00007fc08d46b200, 0x00007fc08d46b4b8]
Event: 2270.642 Thread 0x00007fc09023a800 nmethod 1272 0x00007fc08d47df50 code [0x00007fc08d47e280, 0x00007fc08d47ef40]
Event: 2273.016 Thread 0x00007fc09023d800 1274             java.util.PriorityQueue::indexOf (37 bytes)
Event: 2273.019 Thread 0x00007fc09023d800 nmethod 1274 0x00007fc08d474010 code [0x00007fc08d474160, 0x00007fc08d474218]

GC Heap History (10 events):
Event: 7.153 GC heap before
{Heap before GC invocations=5 (full 0):
 PSYoungGen      total 132800K, used 132781K [0x00000000eb2b0000, 0x00000000f3990000, 0x0000000100000000)
  eden space 127488K, 100% used [0x00000000eb2b0000,0x00000000f2f30000,0x00000000f2f30000)
  from space 5312K, 99% used [0x00000000f3460000,0x00000000f398b570,0x00000000f3990000)
  to   space 5312K, 0% used [0x00000000f2f30000,0x00000000f2f30000,0x00000000f3460000)
 ParOldGen       total 85120K, used 622K [0x00000000c1800000, 0x00000000c6b20000, 0x00000000eb2b0000)
  object space 85120K, 0% used [0x00000000c1800000,0x00000000c189b948,0x00000000c6b20000)
 PSPermGen       total 26432K, used 26422K [0x00000000bc600000, 0x00000000bdfd0000, 0x00000000c1800000)
  object space 26432K, 99% used [0x00000000bc600000,0x00000000bdfcd8a0,0x00000000bdfd0000)
Event: 7.169 GC heap after
Heap after GC invocations=5 (full 0):
 PSYoungGen      total 132800K, used 5296K [0x00000000eb2b0000, 0x00000000fb7f0000, 0x0000000100000000)
  eden space 127488K, 0% used [0x00000000eb2b0000,0x00000000eb2b0000,0x00000000f2f30000)
  from space 5312K, 99% used [0x00000000f2f30000,0x00000000f345c098,0x00000000f3460000)
  to   space 6272K, 0% used [0x00000000fb1d0000,0x00000000fb1d0000,0x00000000fb7f0000)
 ParOldGen       total 85120K, used 962K [0x00000000c1800000, 0x00000000c6b20000, 0x00000000eb2b0000)
  object space 85120K, 1% used [0x00000000c1800000,0x00000000c18f0940,0x00000000c6b20000)
 PSPermGen       total 26432K, used 26422K [0x00000000bc600000, 0x00000000bdfd0000, 0x00000000c1800000)
  object space 26432K, 99% used [0x00000000bc600000,0x00000000bdfcd8a0,0x00000000bdfd0000)
}
Event: 168.152 GC heap before
{Heap before GC invocations=6 (full 0):
 PSYoungGen      total 132800K, used 132784K [0x00000000eb2b0000, 0x00000000fb7f0000, 0x0000000100000000)
  eden space 127488K, 100% used [0x00000000eb2b0000,0x00000000f2f30000,0x00000000f2f30000)
  from space 5312K, 99% used [0x00000000f2f30000,0x00000000f345c098,0x00000000f3460000)
  to   space 6272K, 0% used [0x00000000fb1d0000,0x00000000fb1d0000,0x00000000fb7f0000)
 ParOldGen       total 85120K, used 962K [0x00000000c1800000, 0x00000000c6b20000, 0x00000000eb2b0000)
  object space 85120K, 1% used [0x00000000c1800000,0x00000000c18f0940,0x00000000c6b20000)
 PSPermGen       total 30272K, used 30270K [0x00000000bc600000, 0x00000000be390000, 0x00000000c1800000)
  object space 30272K, 99% used [0x00000000bc600000,0x00000000be38f9c0,0x00000000be390000)
Event: 168.174 GC heap after
Heap after GC invocations=6 (full 0):
 PSYoungGen      total 254528K, used 6242K [0x00000000eb2b0000, 0x00000000fc510000, 0x0000000100000000)
  eden space 248256K, 0% used [0x00000000eb2b0000,0x00000000eb2b0000,0x00000000fa520000)
  from space 6272K, 99% used [0x00000000fb1d0000,0x00000000fb7e8ab0,0x00000000fb7f0000)
  to   space 12992K, 0% used [0x00000000fa520000,0x00000000fa520000,0x00000000fb1d0000)
 ParOldGen       total 85120K, used 11875K [0x00000000c1800000, 0x00000000c6b20000, 0x00000000eb2b0000)
  object space 85120K, 13% used [0x00000000c1800000,0x00000000c2398c60,0x00000000c6b20000)
 PSPermGen       total 30272K, used 30270K [0x00000000bc600000, 0x00000000be390000, 0x00000000c1800000)
  object space 30272K, 99% used [0x00000000bc600000,0x00000000be38f9c0,0x00000000be390000)
}
Event: 374.041 GC heap before
{Heap before GC invocations=7 (full 0):
 PSYoungGen      total 254528K, used 254498K [0x00000000eb2b0000, 0x00000000fc510000, 0x0000000100000000)
  eden space 248256K, 100% used [0x00000000eb2b0000,0x00000000fa520000,0x00000000fa520000)
  from space 6272K, 99% used [0x00000000fb1d0000,0x00000000fb7e8ab0,0x00000000fb7f0000)
  to   space 12992K, 0% used [0x00000000fa520000,0x00000000fa520000,0x00000000fb1d0000)
 ParOldGen       total 85120K, used 11875K [0x00000000c1800000, 0x00000000c6b20000, 0x00000000eb2b0000)
  object space 85120K, 13% used [0x00000000c1800000,0x00000000c2398c60,0x00000000c6b20000)
 PSPermGen       total 32960K, used 32905K [0x00000000bc600000, 0x00000000be630000, 0x00000000c1800000)
  object space 32960K, 99% used [0x00000000bc600000,0x00000000be622640,0x00000000be630000)
Event: 374.091 GC heap after
Heap after GC invocations=7 (full 0):
 PSYoungGen      total 261248K, used 12989K [0x00000000eb2b0000, 0x0000000100000000, 0x0000000100000000)
  eden space 248256K, 0% used [0x00000000eb2b0000,0x00000000eb2b0000,0x00000000fa520000)
  from space 12992K, 99% used [0x00000000fa520000,0x00000000fb1cf480,0x00000000fb1d0000)
  to   space 42240K, 0% used [0x00000000fd6c0000,0x00000000fd6c0000,0x0000000100000000)
 ParOldGen       total 85120K, used 65937K [0x00000000c1800000, 0x00000000c6b20000, 0x00000000eb2b0000)
  object space 85120K, 77% used [0x00000000c1800000,0x00000000c5864578,0x00000000c6b20000)
 PSPermGen       total 32960K, used 32905K [0x00000000bc600000, 0x00000000be630000, 0x00000000c1800000)
  object space 32960K, 99% used [0x00000000bc600000,0x00000000be622640,0x00000000be630000)
}
Event: 374.091 GC heap before
{Heap before GC invocations=8 (full 1):
 PSYoungGen      total 261248K, used 12989K [0x00000000eb2b0000, 0x0000000100000000, 0x0000000100000000)
  eden space 248256K, 0% used [0x00000000eb2b0000,0x00000000eb2b0000,0x00000000fa520000)
  from space 12992K, 99% used [0x00000000fa520000,0x00000000fb1cf480,0x00000000fb1d0000)
  to   space 42240K, 0% used [0x00000000fd6c0000,0x00000000fd6c0000,0x0000000100000000)
 ParOldGen       total 85120K, used 65937K [0x00000000c1800000, 0x00000000c6b20000, 0x00000000eb2b0000)
  object space 85120K, 77% used [0x00000000c1800000,0x00000000c5864578,0x00000000c6b20000)
 PSPermGen       total 32960K, used 32905K [0x00000000bc600000, 0x00000000be630000, 0x00000000c1800000)
  object space 32960K, 99% used [0x00000000bc600000,0x00000000be622640,0x00000000be630000)
Event: 374.281 GC heap after
Heap after GC invocations=8 (full 1):
 PSYoungGen      total 261248K, used 0K [0x00000000eb2b0000, 0x0000000100000000, 0x0000000100000000)
  eden space 248256K, 0% used [0x00000000eb2b0000,0x00000000eb2b0000,0x00000000fa520000)
  from space 12992K, 0% used [0x00000000fa520000,0x00000000fa520000,0x00000000fb1d0000)
  to   space 42240K, 0% used [0x00000000fd6c0000,0x00000000fd6c0000,0x0000000100000000)
 ParOldGen       total 101504K, used 36469K [0x00000000c1800000, 0x00000000c7b20000, 0x00000000eb2b0000)
  object space 101504K, 35% used [0x00000000c1800000,0x00000000c3b9d6a8,0x00000000c7b20000)
 PSPermGen       total 66368K, used 32889K [0x00000000bc600000, 0x00000000c06d0000, 0x00000000c1800000)
  object space 66368K, 49% used [0x00000000bc600000,0x00000000be61e4d8,0x00000000c06d0000)
}
Event: 1041.661 GC heap before
{Heap before GC invocations=9 (full 1):
 PSYoungGen      total 261248K, used 248256K [0x00000000eb2b0000, 0x0000000100000000, 0x0000000100000000)
  eden space 248256K, 100% used [0x00000000eb2b0000,0x00000000fa520000,0x00000000fa520000)
  from space 12992K, 0% used [0x00000000fa520000,0x00000000fa520000,0x00000000fb1d0000)
  to   space 42240K, 0% used [0x00000000fd6c0000,0x00000000fd6c0000,0x0000000100000000)
 ParOldGen       total 101504K, used 36469K [0x00000000c1800000, 0x00000000c7b20000, 0x00000000eb2b0000)
  object space 101504K, 35% used [0x00000000c1800000,0x00000000c3b9d6a8,0x00000000c7b20000)
 PSPermGen       total 66368K, used 33918K [0x00000000bc600000, 0x00000000c06d0000, 0x00000000c1800000)
  object space 66368K, 51% used [0x00000000bc600000,0x00000000be71fac0,0x00000000c06d0000)
Event: 1041.675 GC heap after
Heap after GC invocations=9 (full 1):
 PSYoungGen      total 302080K, used 14261K [0x00000000eb2b0000, 0x0000000100000000, 0x0000000100000000)
  eden space 259840K, 0% used [0x00000000eb2b0000,0x00000000eb2b0000,0x00000000fb070000)
  from space 42240K, 33% used [0x00000000fd6c0000,0x00000000fe4ad4b0,0x0000000100000000)
  to   space 39232K, 0% used [0x00000000fb070000,0x00000000fb070000,0x00000000fd6c0000)
 ParOldGen       total 101504K, used 36469K [0x00000000c1800000, 0x00000000c7b20000, 0x00000000eb2b0000)
  object space 101504K, 35% used [0x00000000c1800000,0x00000000c3b9d6a8,0x00000000c7b20000)
 PSPermGen       total 66368K, used 33918K [0x00000000bc600000, 0x00000000c06d0000, 0x00000000c1800000)
  object space 66368K, 51% used [0x00000000bc600000,0x00000000be71fac0,0x00000000c06d0000)
}

Deoptimization events (10 events):
Event: 1047.867 Thread 0x00007fc09092c800 Uncommon trap -12 fr.pc 0x00007fc08d1d729c
Event: 1053.592 Thread 0x00007fc030165800 Uncommon trap -83 fr.pc 0x00007fc08d3403ec
Event: 1110.188 Thread 0x00007fc09092c800 Uncommon trap -34 fr.pc 0x00007fc08d29978c
Event: 1110.189 Thread 0x00007fc09092c800 Uncommon trap -34 fr.pc 0x00007fc08d29978c
Event: 1110.189 Thread 0x00007fc09092c800 Uncommon trap -34 fr.pc 0x00007fc08d29978c
Event: 1110.189 Thread 0x00007fc09092c800 Uncommon trap -34 fr.pc 0x00007fc08d29978c
Event: 1117.930 Thread 0x00007fc09092c800 Uncommon trap -34 fr.pc 0x00007fc08d3f60c4
Event: 1117.939 Thread 0x00007fc09092c800 Uncommon trap -34 fr.pc 0x00007fc08d3f60c4
Event: 1117.940 Thread 0x00007fc09092c800 Uncommon trap -34 fr.pc 0x00007fc08d3f60c4
Event: 1118.037 Thread 0x00007fc09092c800 Uncommon trap -34 fr.pc 0x00007fc08d3f60c4

Internal exceptions (10 events):
Event: 1116.942 Thread 0x00007fc09092c800 Threw 0x00000000ed46c298 at /HUDSON/workspace/jdk7u21-2-build-linux-amd64-product/jdk7u21/hotspot/src/share/vm/prims/jvm.cpp:1166
Event: 1116.943 Thread 0x00007fc09092c800 Threw 0x00000000ed472870 at /HUDSON/workspace/jdk7u21-2-build-linux-amd64-product/jdk7u21/hotspot/src/share/vm/prims/jvm.cpp:1166
Event: 1116.943 Thread 0x00007fc09092c800 Threw 0x00000000ed475330 at /HUDSON/workspace/jdk7u21-2-build-linux-amd64-product/jdk7u21/hotspot/src/share/vm/prims/jvm.cpp:1166
Event: 1116.944 Thread 0x00007fc09092c800 Threw 0x00000000ed47d918 at /HUDSON/workspace/jdk7u21-2-build-linux-amd64-product/jdk7u21/hotspot/src/share/vm/prims/jvm.cpp:1166
Event: 1116.946 Thread 0x00007fc09092c800 Threw 0x00000000ed485d58 at /HUDSON/workspace/jdk7u21-2-build-linux-amd64-product/jdk7u21/hotspot/src/share/vm/prims/jvm.cpp:1166
Event: 1116.947 Thread 0x00007fc09092c800 Threw 0x00000000ed48f130 at /HUDSON/workspace/jdk7u21-2-build-linux-amd64-product/jdk7u21/hotspot/src/share/vm/prims/jvm.cpp:1166
Event: 1116.948 Thread 0x00007fc09092c800 Threw 0x00000000ed492228 at /HUDSON/workspace/jdk7u21-2-build-linux-amd64-product/jdk7u21/hotspot/src/share/vm/prims/jvm.cpp:1166
Event: 1125.854 Thread 0x00007fc09092c800 Threw 0x00000000ed5e40b8 at /HUDSON/workspace/jdk7u21-2-build-linux-amd64-product/jdk7u21/hotspot/src/share/vm/prims/jvm.cpp:1166
Event: 1166.318 Thread 0x00007fc09092c800 Threw 0x00000000edd85f30 at /HUDSON/workspace/jdk7u21-2-build-linux-amd64-product/jdk7u21/hotspot/src/share/vm/prims/jni.cpp:742
Event: 1166.440 Thread 0x00007fc09092c800 Threw 0x00000000ee551548 at /HUDSON/workspace/jdk7u21-2-build-linux-amd64-product/jdk7u21/hotspot/src/share/vm/prims/jni.cpp:742

Events (10 events):
Event: 1195.622 Thread 0x00007fc030157000 Thread added: 0x00007fc030157000
Event: 1195.622 Executing VM operation: RevokeBias
Event: 1195.623 Executing VM operation: RevokeBias done
Event: 1195.623 Thread 0x00007fc030157000 Thread exited: 0x00007fc030157000
Event: 1195.626 Thread 0x00007fc030157000 Thread added: 0x00007fc030157000
Event: 1195.626 Executing VM operation: RevokeBias
Event: 1195.626 Executing VM operation: RevokeBias done
Event: 1195.627 Thread 0x00007fc030157000 Thread exited: 0x00007fc030157000
Event: 2193.521 Executing VM operation: RevokeBias
Event: 2193.521 Executing VM operation: RevokeBias done


Dynamic libraries:
00400000-00401000 r-xp 00000000 08:03 149868                             /usr/local/java/jdk1.7.0_21/bin/java
00600000-00601000 rw-p 00000000 08:03 149868                             /usr/local/java/jdk1.7.0_21/bin/java
01ecd000-01eee000 rw-p 00000000 00:00 0                                  [heap]
bc600000-c06d0000 rw-p 00000000 00:00 0 
c06d0000-c1800000 rw-p 00000000 00:00 0 
c1800000-c7b20000 rw-p 00000000 00:00 0 
c7b20000-eb2b0000 rw-p 00000000 00:00 0 
eb2b0000-100000000 rw-p 00000000 00:00 0 
7fc010000000-7fc0101aa000 rw-p 00000000 00:00 0 
7fc0101aa000-7fc014000000 ---p 00000000 00:00 0 
7fc018000000-7fc018024000 rw-p 00000000 00:00 0 
7fc018024000-7fc01c000000 ---p 00000000 00:00 0 
7fc01c000000-7fc01c072000 rw-p 00000000 00:00 0 
7fc01c072000-7fc020000000 ---p 00000000 00:00 0 
7fc020000000-7fc020021000 rw-p 00000000 00:00 0 
7fc020021000-7fc024000000 ---p 00000000 00:00 0 
7fc024000000-7fc024021000 rw-p 00000000 00:00 0 
7fc024021000-7fc028000000 ---p 00000000 00:00 0 
7fc028000000-7fc028031000 rw-p 00000000 00:00 0 
7fc028031000-7fc02c000000 ---p 00000000 00:00 0 
7fc02c000000-7fc02c021000 rw-p 00000000 00:00 0 
7fc02c021000-7fc030000000 ---p 00000000 00:00 0 
7fc030000000-7fc03019e000 rw-p 00000000 00:00 0 
7fc03019e000-7fc034000000 ---p 00000000 00:00 0 
7fc034000000-7fc034021000 rw-p 00000000 00:00 0 
7fc034021000-7fc038000000 ---p 00000000 00:00 0 
7fc038000000-7fc038021000 rw-p 00000000 00:00 0 
7fc038021000-7fc03c000000 ---p 00000000 00:00 0 
7fc03c000000-7fc03c021000 rw-p 00000000 00:00 0 
7fc03c021000-7fc040000000 ---p 00000000 00:00 0 
7fc040000000-7fc040021000 rw-p 00000000 00:00 0 
7fc040021000-7fc044000000 ---p 00000000 00:00 0 
7fc044000000-7fc044021000 rw-p 00000000 00:00 0 
7fc044021000-7fc048000000 ---p 00000000 00:00 0 
7fc048000000-7fc049b23000 rw-p 00000000 00:00 0 
7fc049b23000-7fc04c000000 ---p 00000000 00:00 0 
7fc04c000000-7fc04d41f000 rw-p 00000000 00:00 0 
7fc04d41f000-7fc050000000 ---p 00000000 00:00 0 
7fc050000000-7fc050021000 rw-p 00000000 00:00 0 
7fc050021000-7fc054000000 ---p 00000000 00:00 0 
7fc054000000-7fc054021000 rw-p 00000000 00:00 0 
7fc054021000-7fc058000000 ---p 00000000 00:00 0 
7fc058000000-7fc058051000 rw-p 00000000 00:00 0 
7fc058051000-7fc05c000000 ---p 00000000 00:00 0 
7fc05c000000-7fc05c021000 rw-p 00000000 00:00 0 
7fc05c021000-7fc060000000 ---p 00000000 00:00 0 
7fc060000000-7fc060021000 rw-p 00000000 00:00 0 
7fc060021000-7fc064000000 ---p 00000000 00:00 0 
7fc068000000-7fc068021000 rw-p 00000000 00:00 0 
7fc068021000-7fc06c000000 ---p 00000000 00:00 0 
7fc06cae3000-7fc06cb1d000 r-xp 00000000 08:03 277676                     /usr/local/java/jdk1.7.0_21/jre/lib/amd64/libjpeg.so
7fc06cb1d000-7fc06cd1d000 ---p 0003a000 08:03 277676                     /usr/local/java/jdk1.7.0_21/jre/lib/amd64/libjpeg.so
7fc06cd1d000-7fc06cd1e000 rw-p 0003a000 08:03 277676                     /usr/local/java/jdk1.7.0_21/jre/lib/amd64/libjpeg.so
7fc06cd1e000-7fc06d4a6000 rw-s 00000000 00:04 10616849                   /SYSV00000000 (deleted)
7fc06d691000-7fc06d694000 ---p 00000000 00:00 0 
7fc06d694000-7fc06d792000 rw-p 00000000 00:00 0 
7fc06d792000-7fc06d795000 ---p 00000000 00:00 0 
7fc06d795000-7fc06d893000 rw-p 00000000 00:00 0 
7fc06da68000-7fc06da6b000 ---p 00000000 00:00 0 
7fc06da6b000-7fc06db69000 rw-p 00000000 00:00 0 
7fc06db69000-7fc06db6c000 ---p 00000000 00:00 0 
7fc06db6c000-7fc06dc6a000 rw-p 00000000 00:00 0 
7fc06dc6a000-7fc06dc6d000 ---p 00000000 00:00 0 
7fc06dc6d000-7fc06dd6b000 rw-p 00000000 00:00 0                          [stack:10579]
7fc06dd6b000-7fc06dd6e000 ---p 00000000 00:00 0 
7fc06dd6e000-7fc06de6c000 rw-p 00000000 00:00 0                          [stack:10578]
7fc06de6c000-7fc06de6f000 ---p 00000000 00:00 0 
7fc06de6f000-7fc06df6d000 rw-p 00000000 00:00 0 
7fc06df6d000-7fc06df75000 r-xp 00000000 08:03 277725                     /usr/local/java/jdk1.7.0_21/jre/lib/amd64/libmanagement.so
7fc06df75000-7fc06e174000 ---p 00008000 08:03 277725                     /usr/local/java/jdk1.7.0_21/jre/lib/amd64/libmanagement.so
7fc06e174000-7fc06e175000 rw-p 00007000 08:03 277725                     /usr/local/java/jdk1.7.0_21/jre/lib/amd64/libmanagement.so
7fc06e175000-7fc06e178000 ---p 00000000 00:00 0 
7fc06e178000-7fc06e276000 rw-p 00000000 00:00 0                          [stack:10576]
7fc06e276000-7fc06e279000 ---p 00000000 00:00 0 
7fc06e279000-7fc06e377000 rw-p 00000000 00:00 0                          [stack:10577]
7fc06e377000-7fc06e3df000 r-xp 00000000 08:03 277709                     /usr/local/java/jdk1.7.0_21/jre/lib/amd64/libt2k.so
7fc06e3df000-7fc06e5de000 ---p 00068000 08:03 277709                     /usr/local/java/jdk1.7.0_21/jre/lib/amd64/libt2k.so
7fc06e5de000-7fc06e5e5000 rw-p 00067000 08:03 277709                     /usr/local/java/jdk1.7.0_21/jre/lib/amd64/libt2k.so
7fc06e5e5000-7fc06e5f5000 rw-p 00000000 00:00 0 
7fc06e5f5000-7fc06e605000 r-xp 00000000 08:03 277677                     /usr/local/java/jdk1.7.0_21/jre/lib/amd64/libnio.so
7fc06e605000-7fc06e805000 ---p 00010000 08:03 277677                     /usr/local/java/jdk1.7.0_21/jre/lib/amd64/libnio.so
7fc06e805000-7fc06e806000 rw-p 00010000 08:03 277677                     /usr/local/java/jdk1.7.0_21/jre/lib/amd64/libnio.so
7fc06e806000-7fc06e81b000 r-xp 00000000 08:03 277682                     /usr/local/java/jdk1.7.0_21/jre/lib/amd64/libnet.so
7fc06e81b000-7fc06ea1b000 ---p 00015000 08:03 277682                     /usr/local/java/jdk1.7.0_21/jre/lib/amd64/libnet.so
7fc06ea1b000-7fc06ea1c000 rw-p 00015000 08:03 277682                     /usr/local/java/jdk1.7.0_21/jre/lib/amd64/libnet.so
7fc06ea1c000-7fc06ea32000 r-xp 00000000 08:03 934722                     /lib/x86_64-linux-gnu/libgcc_s.so.1
7fc06ea32000-7fc06ec31000 ---p 00016000 08:03 934722                     /lib/x86_64-linux-gnu/libgcc_s.so.1
7fc06ec31000-7fc06ec32000 rw-p 00015000 08:03 934722                     /lib/x86_64-linux-gnu/libgcc_s.so.1
7fc06ec32000-7fc06ec91000 r-xp 00000000 08:03 277678                     /usr/local/java/jdk1.7.0_21/jre/lib/amd64/libfontmanager.so
7fc06ec91000-7fc06ee91000 ---p 0005f000 08:03 277678                     /usr/local/java/jdk1.7.0_21/jre/lib/amd64/libfontmanager.so
7fc06ee91000-7fc06ee95000 rw-p 0005f000 08:03 277678                     /usr/local/java/jdk1.7.0_21/jre/lib/amd64/libfontmanager.so
7fc06ee95000-7fc06eea6000 rw-p 00000000 00:00 0 
7fc06eea6000-7fc06eea9000 ---p 00000000 00:00 0 
7fc06eea9000-7fc06efa7000 rw-p 00000000 00:00 0                          [stack:10568]
7fc06efa7000-7fc06efac000 r-xp 00000000 08:03 141211                     /usr/lib/x86_64-linux-gnu/libXfixes.so.3.1.0
7fc06efac000-7fc06f1ab000 ---p 00005000 08:03 141211                     /usr/lib/x86_64-linux-gnu/libXfixes.so.3.1.0
7fc06f1ab000-7fc06f1ac000 r--p 00004000 08:03 141211                     /usr/lib/x86_64-linux-gnu/libXfixes.so.3.1.0
7fc06f1ac000-7fc06f1ad000 rw-p 00005000 08:03 141211                     /usr/lib/x86_64-linux-gnu/libXfixes.so.3.1.0
7fc06f1ad000-7fc06f1b6000 r-xp 00000000 08:03 141203                     /usr/lib/x86_64-linux-gnu/libXcursor.so.1.0.2
7fc06f1b6000-7fc06f3b5000 ---p 00009000 08:03 141203                     /usr/lib/x86_64-linux-gnu/libXcursor.so.1.0.2
7fc06f3b5000-7fc06f3b6000 r--p 00008000 08:03 141203                     /usr/lib/x86_64-linux-gnu/libXcursor.so.1.0.2
7fc06f3b6000-7fc06f3b7000 rw-p 00009000 08:03 141203                     /usr/lib/x86_64-linux-gnu/libXcursor.so.1.0.2
7fc06f3b7000-7fc06f3bc000 r-xp 00000000 08:03 141207                     /usr/lib/x86_64-linux-gnu/libXdmcp.so.6.0.0
7fc06f3bc000-7fc06f5bb000 ---p 00005000 08:03 141207                     /usr/lib/x86_64-linux-gnu/libXdmcp.so.6.0.0
7fc06f5bb000-7fc06f5bc000 r--p 00004000 08:03 141207                     /usr/lib/x86_64-linux-gnu/libXdmcp.so.6.0.0
7fc06f5bc000-7fc06f5bd000 rw-p 00005000 08:03 141207                     /usr/lib/x86_64-linux-gnu/libXdmcp.so.6.0.0
7fc06f5bd000-7fc06f5bf000 r-xp 00000000 08:03 141196                     /usr/lib/x86_64-linux-gnu/libXau.so.6.0.0
7fc06f5bf000-7fc06f7bf000 ---p 00002000 08:03 141196                     /usr/lib/x86_64-linux-gnu/libXau.so.6.0.0
7fc06f7bf000-7fc06f7c0000 r--p 00002000 08:03 141196                     /usr/lib/x86_64-linux-gnu/libXau.so.6.0.0
7fc06f7c0000-7fc06f7c1000 rw-p 00003000 08:03 141196                     /usr/lib/x86_64-linux-gnu/libXau.so.6.0.0
7fc06f7c1000-7fc06f7de000 r-xp 00000000 08:03 142264                     /usr/lib/x86_64-linux-gnu/libxcb.so.1.1.0
7fc06f7de000-7fc06f9de000 ---p 0001d000 08:03 142264                     /usr/lib/x86_64-linux-gnu/libxcb.so.1.1.0
7fc06f9de000-7fc06f9df000 r--p 0001d000 08:03 142264                     /usr/lib/x86_64-linux-gnu/libxcb.so.1.1.0
7fc06f9df000-7fc06f9e0000 rw-p 0001e000 08:03 142264                     /usr/lib/x86_64-linux-gnu/libxcb.so.1.1.0
7fc06f9e0000-7fc06f9ef000 r-xp 00000000 08:03 141217                     /usr/lib/x86_64-linux-gnu/libXi.so.6.1.0
7fc06f9ef000-7fc06fbee000 ---p 0000f000 08:03 141217                     /usr/lib/x86_64-linux-gnu/libXi.so.6.1.0
7fc06fbee000-7fc06fbef000 r--p 0000e000 08:03 141217                     /usr/lib/x86_64-linux-gnu/libXi.so.6.1.0
7fc06fbef000-7fc06fbf0000 rw-p 0000f000 08:03 141217                     /usr/lib/x86_64-linux-gnu/libXi.so.6.1.0
7fc06fbf0000-7fc06fbf5000 r-xp 00000000 08:03 141237                     /usr/lib/x86_64-linux-gnu/libXtst.so.6.1.0
7fc06fbf5000-7fc06fdf4000 ---p 00005000 08:03 141237                     /usr/lib/x86_64-linux-gnu/libXtst.so.6.1.0
7fc06fdf4000-7fc06fdf5000 r--p 00004000 08:03 141237                     /usr/lib/x86_64-linux-gnu/libXtst.so.6.1.0
7fc06fdf5000-7fc06fdf6000 rw-p 00005000 08:03 141237                     /usr/lib/x86_64-linux-gnu/libXtst.so.6.1.0
7fc06fdf6000-7fc06fdff000 r-xp 00000000 08:03 141231                     /usr/lib/x86_64-linux-gnu/libXrender.so.1.3.0
7fc06fdff000-7fc06fffe000 ---p 00009000 08:03 141231                     /usr/lib/x86_64-linux-gnu/libXrender.so.1.3.0
7fc06fffe000-7fc06ffff000 r--p 00008000 08:03 141231                     /usr/lib/x86_64-linux-gnu/libXrender.so.1.3.0
7fc06ffff000-7fc070000000 rw-p 00009000 08:03 141231                     /usr/lib/x86_64-linux-gnu/libXrender.so.1.3.0
7fc070000000-7fc070021000 rw-p 00000000 00:00 0 
7fc070021000-7fc074000000 ---p 00000000 00:00 0 
7fc074063000-7fc074066000 ---p 00000000 00:00 0 
7fc074066000-7fc074164000 rw-p 00000000 00:00 0                          [stack:10567]
7fc074164000-7fc074294000 r-xp 00000000 08:03 141192                     /usr/lib/x86_64-linux-gnu/libX11.so.6.3.0
7fc074294000-7fc074494000 ---p 00130000 08:03 141192                     /usr/lib/x86_64-linux-gnu/libX11.so.6.3.0
7fc074494000-7fc074495000 r--p 00130000 08:03 141192                     /usr/lib/x86_64-linux-gnu/libX11.so.6.3.0
7fc074495000-7fc074499000 rw-p 00131000 08:03 141192                     /usr/lib/x86_64-linux-gnu/libX11.so.6.3.0
7fc074499000-7fc0744aa000 r-xp 00000000 08:03 141209                     /usr/lib/x86_64-linux-gnu/libXext.so.6.4.0
7fc0744aa000-7fc0746a9000 ---p 00011000 08:03 141209                     /usr/lib/x86_64-linux-gnu/libXext.so.6.4.0
7fc0746a9000-7fc0746aa000 r--p 00010000 08:03 141209                     /usr/lib/x86_64-linux-gnu/libXext.so.6.4.0
7fc0746aa000-7fc0746ab000 rw-p 00011000 08:03 141209                     /usr/lib/x86_64-linux-gnu/libXext.so.6.4.0
7fc0746ab000-7fc0746fb000 r-xp 00000000 08:03 277721                     /usr/local/java/jdk1.7.0_21/jre/lib/amd64/xawt/libmawt.so
7fc0746fb000-7fc0748fb000 ---p 00050000 08:03 277721                     /usr/local/java/jdk1.7.0_21/jre/lib/amd64/xawt/libmawt.so
7fc0748fb000-7fc0748ff000 rw-p 00050000 08:03 277721                     /usr/local/java/jdk1.7.0_21/jre/lib/amd64/xawt/libmawt.so
7fc0748ff000-7fc074900000 rw-p 00000000 00:00 0 
7fc074900000-7fc0749a2000 r-xp 00000000 08:03 277691                     /usr/local/java/jdk1.7.0_21/jre/lib/amd64/libawt.so
7fc0749a2000-7fc074ba2000 ---p 000a2000 08:03 277691                     /usr/local/java/jdk1.7.0_21/jre/lib/amd64/libawt.so
7fc074ba2000-7fc074bae000 rw-p 000a2000 08:03 277691                     /usr/local/java/jdk1.7.0_21/jre/lib/amd64/libawt.so
7fc074bae000-7fc074bd2000 rw-p 00000000 00:00 0 
7fc074bd2000-7fc074bd3000 ---p 00000000 00:00 0 
7fc074bd3000-7fc074cd3000 rw-p 00000000 00:00 0                          [stack:10566]
7fc074cd3000-7fc074cd6000 ---p 00000000 00:00 0 
7fc074cd6000-7fc074dd4000 rw-p 00000000 00:00 0                          [stack:10565]
7fc074dd4000-7fc074dd7000 ---p 00000000 00:00 0 
7fc074dd7000-7fc074ed5000 rw-p 00000000 00:00 0                          [stack:10564]
7fc074ed5000-7fc074ed8000 ---p 00000000 00:00 0 
7fc074ed8000-7fc074fd6000 rw-p 00000000 00:00 0                          [stack:10563]
7fc074fd6000-7fc074fd9000 ---p 00000000 00:00 0 
7fc074fd9000-7fc0750d7000 rw-p 00000000 00:00 0                          [stack:10562]
7fc0750d7000-7fc07592b000 r--p 00000000 08:03 139028                     /usr/lib/locale/locale-archive
7fc07592b000-7fc07592e000 ---p 00000000 00:00 0 
7fc07592e000-7fc075a2c000 rw-p 00000000 00:00 0                          [stack:10561]
7fc075a2c000-7fc075a2f000 ---p 00000000 00:00 0 
7fc075a2f000-7fc075b2d000 rw-p 00000000 00:00 0                          [stack:10560]
7fc075b2d000-7fc075b2e000 ---p 00000000 00:00 0 
7fc075b2e000-7fc078000000 rw-p 00000000 00:00 0                          [stack:10559]
7fc078000000-7fc078021000 rw-p 00000000 00:00 0 
7fc078021000-7fc07c000000 ---p 00000000 00:00 0 
7fc07c000000-7fc07c021000 rw-p 00000000 00:00 0 
7fc07c021000-7fc080000000 ---p 00000000 00:00 0 
7fc080000000-7fc080021000 rw-p 00000000 00:00 0 
7fc080021000-7fc084000000 ---p 00000000 00:00 0 
7fc084000000-7fc084021000 rw-p 00000000 00:00 0 
7fc084021000-7fc088000000 ---p 00000000 00:00 0 
7fc088000000-7fc088021000 rw-p 00000000 00:00 0 
7fc088021000-7fc08c000000 ---p 00000000 00:00 0 
7fc08c0b4000-7fc08c0f1000 r--s 005f3000 08:03 1404567                    /opt/weka-3-6-11/weka.jar
7fc08c0f1000-7fc08d000000 rw-p 00000000 00:00 0 
7fc08d000000-7fc08d490000 rwxp 00000000 00:00 0 
7fc08d490000-7fc090ab7000 rw-p 00000000 00:00 0 
7fc090ab7000-7fc094000000 ---p 00000000 00:00 0 
7fc09402a000-7fc094aa4000 rw-p 00000000 00:00 0 
7fc094aa4000-7fc094c61000 r--s 039de000 08:03 151036                     /usr/local/java/jdk1.7.0_21/jre/lib/rt.jar
7fc094c61000-7fc0954d5000 rw-p 00000000 00:00 0 
7fc0954d5000-7fc0954d6000 ---p 00000000 00:00 0 
7fc0954d6000-7fc0955d6000 rw-p 00000000 00:00 0                          [stack:10558]
7fc0955d6000-7fc0955d7000 ---p 00000000 00:00 0 
7fc0955d7000-7fc0956d7000 rw-p 00000000 00:00 0                          [stack:10557]
7fc0956d7000-7fc0956d8000 ---p 00000000 00:00 0 
7fc0956d8000-7fc0957d8000 rw-p 00000000 00:00 0                          [stack:10556]
7fc0957d8000-7fc0957d9000 ---p 00000000 00:00 0 
7fc0957d9000-7fc0958d9000 rw-p 00000000 00:00 0                          [stack:10555]
7fc0958d9000-7fc0958da000 ---p 00000000 00:00 0 
7fc0958da000-7fc0959da000 rw-p 00000000 00:00 0                          [stack:10554]
7fc0959da000-7fc0959db000 ---p 00000000 00:00 0 
7fc0959db000-7fc095adb000 rw-p 00000000 00:00 0                          [stack:10553]
7fc095adb000-7fc095adc000 ---p 00000000 00:00 0 
7fc095adc000-7fc095bdc000 rw-p 00000000 00:00 0                          [stack:10552]
7fc095bdc000-7fc095bdd000 ---p 00000000 00:00 0 
7fc095bdd000-7fc095cfe000 rw-p 00000000 00:00 0                          [stack:10551]
7fc095cfe000-7fc095d06000 rw-p 00000000 00:00 0 
7fc095d06000-7fc095d38000 rw-p 00000000 00:00 0 
7fc095d38000-7fc095e54000 rw-p 00000000 00:00 0 
7fc095e54000-7fc095e75000 rw-p 00000000 00:00 0 
7fc095e75000-7fc095e7d000 rw-p 00000000 00:00 0 
7fc095e7d000-7fc095eaf000 rw-p 00000000 00:00 0 
7fc095eaf000-7fc095fca000 rw-p 00000000 00:00 0 
7fc095fca000-7fc096071000 rw-p 00000000 00:00 0 
7fc096071000-7fc096072000 rw-p 00000000 00:00 0 
7fc096072000-7fc09608c000 r-xp 00000000 08:03 277728                     /usr/local/java/jdk1.7.0_21/jre/lib/amd64/libzip.so
7fc09608c000-7fc09628c000 ---p 0001a000 08:03 277728                     /usr/local/java/jdk1.7.0_21/jre/lib/amd64/libzip.so
7fc09628c000-7fc09628d000 rw-p 0001a000 08:03 277728                     /usr/local/java/jdk1.7.0_21/jre/lib/amd64/libzip.so
7fc09628d000-7fc096298000 r-xp 00000000 08:03 931913                     /lib/x86_64-linux-gnu/libnss_files-2.19.so
7fc096298000-7fc096497000 ---p 0000b000 08:03 931913                     /lib/x86_64-linux-gnu/libnss_files-2.19.so
7fc096497000-7fc096498000 r--p 0000a000 08:03 931913                     /lib/x86_64-linux-gnu/libnss_files-2.19.so
7fc096498000-7fc096499000 rw-p 0000b000 08:03 931913                     /lib/x86_64-linux-gnu/libnss_files-2.19.so
7fc096499000-7fc0964a4000 r-xp 00000000 08:03 931915                     /lib/x86_64-linux-gnu/libnss_nis-2.19.so
7fc0964a4000-7fc0966a3000 ---p 0000b000 08:03 931915                     /lib/x86_64-linux-gnu/libnss_nis-2.19.so
7fc0966a3000-7fc0966a4000 r--p 0000a000 08:03 931915                     /lib/x86_64-linux-gnu/libnss_nis-2.19.so
7fc0966a4000-7fc0966a5000 rw-p 0000b000 08:03 931915                     /lib/x86_64-linux-gnu/libnss_nis-2.19.so
7fc0966a5000-7fc0966bc000 r-xp 00000000 08:03 916001                     /lib/x86_64-linux-gnu/libnsl-2.19.so
7fc0966bc000-7fc0968bb000 ---p 00017000 08:03 916001                     /lib/x86_64-linux-gnu/libnsl-2.19.so
7fc0968bb000-7fc0968bc000 r--p 00016000 08:03 916001                     /lib/x86_64-linux-gnu/libnsl-2.19.so
7fc0968bc000-7fc0968bd000 rw-p 00017000 08:03 916001                     /lib/x86_64-linux-gnu/libnsl-2.19.so
7fc0968bd000-7fc0968bf000 rw-p 00000000 00:00 0 
7fc0968bf000-7fc0968c8000 r-xp 00000000 08:03 915888                     /lib/x86_64-linux-gnu/libnss_compat-2.19.so
7fc0968c8000-7fc096ac7000 ---p 00009000 08:03 915888                     /lib/x86_64-linux-gnu/libnss_compat-2.19.so
7fc096ac7000-7fc096ac8000 r--p 00008000 08:03 915888                     /lib/x86_64-linux-gnu/libnss_compat-2.19.so
7fc096ac8000-7fc096ac9000 rw-p 00009000 08:03 915888                     /lib/x86_64-linux-gnu/libnss_compat-2.19.so
7fc096ac9000-7fc096af2000 r-xp 00000000 08:03 277712                     /usr/local/java/jdk1.7.0_21/jre/lib/amd64/libjava.so
7fc096af2000-7fc096cf2000 ---p 00029000 08:03 277712                     /usr/local/java/jdk1.7.0_21/jre/lib/amd64/libjava.so
7fc096cf2000-7fc096cf4000 rw-p 00029000 08:03 277712                     /usr/local/java/jdk1.7.0_21/jre/lib/amd64/libjava.so
7fc096cf4000-7fc096d01000 r-xp 00000000 08:03 277710                     /usr/local/java/jdk1.7.0_21/jre/lib/amd64/libverify.so
7fc096d01000-7fc096f00000 ---p 0000d000 08:03 277710                     /usr/local/java/jdk1.7.0_21/jre/lib/amd64/libverify.so
7fc096f00000-7fc096f02000 rw-p 0000c000 08:03 277710                     /usr/local/java/jdk1.7.0_21/jre/lib/amd64/libverify.so
7fc096f02000-7fc096f09000 r-xp 00000000 08:03 916010                     /lib/x86_64-linux-gnu/librt-2.19.so
7fc096f09000-7fc097108000 ---p 00007000 08:03 916010                     /lib/x86_64-linux-gnu/librt-2.19.so
7fc097108000-7fc097109000 r--p 00006000 08:03 916010                     /lib/x86_64-linux-gnu/librt-2.19.so
7fc097109000-7fc09710a000 rw-p 00007000 08:03 916010                     /lib/x86_64-linux-gnu/librt-2.19.so
7fc09710a000-7fc09720f000 r-xp 00000000 08:03 931905                     /lib/x86_64-linux-gnu/libm-2.19.so
7fc09720f000-7fc09740e000 ---p 00105000 08:03 931905                     /lib/x86_64-linux-gnu/libm-2.19.so
7fc09740e000-7fc09740f000 r--p 00104000 08:03 931905                     /lib/x86_64-linux-gnu/libm-2.19.so
7fc09740f000-7fc097410000 rw-p 00105000 08:03 931905                     /lib/x86_64-linux-gnu/libm-2.19.so
7fc097410000-7fc097e5a000 r-xp 00000000 08:03 277718                     /usr/local/java/jdk1.7.0_21/jre/lib/amd64/server/libjvm.so
7fc097e5a000-7fc098059000 ---p 00a4a000 08:03 277718                     /usr/local/java/jdk1.7.0_21/jre/lib/amd64/server/libjvm.so
7fc098059000-7fc0980fd000 rw-p 00a49000 08:03 277718                     /usr/local/java/jdk1.7.0_21/jre/lib/amd64/server/libjvm.so
7fc0980fd000-7fc098138000 rw-p 00000000 00:00 0 
7fc098138000-7fc0982f3000 r-xp 00000000 08:03 916019                     /lib/x86_64-linux-gnu/libc-2.19.so
7fc0982f3000-7fc0984f3000 ---p 001bb000 08:03 916019                     /lib/x86_64-linux-gnu/libc-2.19.so
7fc0984f3000-7fc0984f7000 r--p 001bb000 08:03 916019                     /lib/x86_64-linux-gnu/libc-2.19.so
7fc0984f7000-7fc0984f9000 rw-p 001bf000 08:03 916019                     /lib/x86_64-linux-gnu/libc-2.19.so
7fc0984f9000-7fc0984fe000 rw-p 00000000 00:00 0 
7fc0984fe000-7fc098501000 r-xp 00000000 08:03 932065                     /lib/x86_64-linux-gnu/libdl-2.19.so
7fc098501000-7fc098700000 ---p 00003000 08:03 932065                     /lib/x86_64-linux-gnu/libdl-2.19.so
7fc098700000-7fc098701000 r--p 00002000 08:03 932065                     /lib/x86_64-linux-gnu/libdl-2.19.so
7fc098701000-7fc098702000 rw-p 00003000 08:03 932065                     /lib/x86_64-linux-gnu/libdl-2.19.so
7fc098702000-7fc098718000 r-xp 00000000 08:03 277687                     /usr/local/java/jdk1.7.0_21/jre/lib/amd64/jli/libjli.so
7fc098718000-7fc098918000 ---p 00016000 08:03 277687                     /usr/local/java/jdk1.7.0_21/jre/lib/amd64/jli/libjli.so
7fc098918000-7fc098919000 rw-p 00016000 08:03 277687                     /usr/local/java/jdk1.7.0_21/jre/lib/amd64/jli/libjli.so
7fc098919000-7fc098932000 r-xp 00000000 08:03 932069                     /lib/x86_64-linux-gnu/libpthread-2.19.so
7fc098932000-7fc098b31000 ---p 00019000 08:03 932069                     /lib/x86_64-linux-gnu/libpthread-2.19.so
7fc098b31000-7fc098b32000 r--p 00018000 08:03 932069                     /lib/x86_64-linux-gnu/libpthread-2.19.so
7fc098b32000-7fc098b33000 rw-p 00019000 08:03 932069                     /lib/x86_64-linux-gnu/libpthread-2.19.so
7fc098b33000-7fc098b37000 rw-p 00000000 00:00 0 
7fc098b37000-7fc098b5a000 r-xp 00000000 08:03 916021                     /lib/x86_64-linux-gnu/ld-2.19.so
7fc098b71000-7fc098b84000 rw-p 00000000 00:00 0 
7fc098b84000-7fc098c31000 rw-p 00000000 00:00 0 
7fc098c31000-7fc098c34000 ---p 00000000 00:00 0 
7fc098c34000-7fc098d36000 rw-p 00000000 00:00 0                          [stack:10550]
7fc098d3c000-7fc098d40000 r--s 0008a000 08:03 150656                     /usr/local/java/jdk1.7.0_21/jre/lib/jsse.jar
7fc098d40000-7fc098d43000 r--s 000f7000 08:03 277811                     /usr/local/java/jdk1.7.0_21/jre/lib/ext/localedata.jar
7fc098d43000-7fc098d4d000 r--s 00254000 08:03 150669                     /usr/local/java/jdk1.7.0_21/jre/lib/resources.jar
7fc098d4d000-7fc098d55000 rw-s 00000000 08:03 918604                     /tmp/hsperfdata_dariush/10549
7fc098d55000-7fc098d56000 rw-p 00000000 00:00 0 
7fc098d56000-7fc098d57000 r--p 00000000 00:00 0 
7fc098d57000-7fc098d59000 rw-p 00000000 00:00 0 
7fc098d59000-7fc098d5a000 r--p 00022000 08:03 916021                     /lib/x86_64-linux-gnu/ld-2.19.so
7fc098d5a000-7fc098d5b000 rw-p 00023000 08:03 916021                     /lib/x86_64-linux-gnu/ld-2.19.so
7fc098d5b000-7fc098d5c000 rw-p 00000000 00:00 0 
7fffd372a000-7fffd374c000 rw-p 00000000 00:00 0                          [stack]
7fffd3760000-7fffd3762000 r-xp 00000000 00:00 0                          [vdso]
ffffffffff600000-ffffffffff601000 r-xp 00000000 00:00 0                  [vsyscall]

VM Arguments:
jvm_args: -Xmx1000M 
java_command: /opt/weka-3-6-11/weka.jar
Launcher Type: SUN_STANDARD

Environment Variables:
JAVA_HOME=/usr/local/java/jdk1.7.0_21
PATH=/home/dariush/.zinux/zg/bin:/opt/MATLAB/R2014a/bin:/home/dariush/.rvm/gems/ruby-2.1.3/bin:/home/dariush/.rvm/gems/ruby-2.1.3@global/bin:/home/dariush/.rvm/rubies/ruby-2.1.3/bin:/usr/local/sbin:/usr/local/bin:/usr/sbin:/usr/bin:/sbin:/bin:/home/dariush/bin:/bin:/home/dariush/.rvm/bin
SHELL=/bin/bash
DISPLAY=:0.0

Signal Handlers:
SIGSEGV: [libjvm.so+0x8a80e0], sa_mask[0]=0x7ffbfeff, sa_flags=0x10000004
SIGBUS: [libjvm.so+0x8a80e0], sa_mask[0]=0x7ffbfeff, sa_flags=0x10000004
SIGFPE: [libjvm.so+0x744170], sa_mask[0]=0x7ffbfeff, sa_flags=0x10000004
SIGPIPE: [libjvm.so+0x744170], sa_mask[0]=0x7ffbfeff, sa_flags=0x10000004
SIGXFSZ: [libjvm.so+0x744170], sa_mask[0]=0x7ffbfeff, sa_flags=0x10000004
SIGILL: [libjvm.so+0x744170], sa_mask[0]=0x7ffbfeff, sa_flags=0x10000004
SIGUSR1: SIG_DFL, sa_mask[0]=0x00000000, sa_flags=0x00000000
SIGUSR2: [libjvm.so+0x743ac0], sa_mask[0]=0x00000000, sa_flags=0x10000004
SIGHUP: SIG_IGN, sa_mask[0]=0x00000000, sa_flags=0x00000000
SIGINT: [libjvm.so+0x745e50], sa_mask[0]=0x7ffbfeff, sa_flags=0x10000004
SIGTERM: [libjvm.so+0x745e50], sa_mask[0]=0x7ffbfeff, sa_flags=0x10000004
SIGQUIT: [libjvm.so+0x745e50], sa_mask[0]=0x7ffbfeff, sa_flags=0x10000004


---------------  S Y S T E M  ---------------

OS:jessie/sid

uname:Linux 3.13.0-34-generic #60-Ubuntu SMP Wed Aug 13 15:45:27 UTC 2014 x86_64
libc:glibc 2.19 NPTL 2.19 
rlimit: STACK 8192k, CORE 0k, NPROC 63632, NOFILE 4096, AS infinity
load average:0.21 0.33 0.31

/proc/meminfo:
MemTotal:        8166492 kB
MemFree:         4033056 kB
Buffers:          745052 kB
Cached:          2387284 kB
SwapCached:            0 kB
Active:          1637660 kB
Inactive:        2157688 kB
Active(anon):     663752 kB
Inactive(anon):    14660 kB
Active(file):     973908 kB
Inactive(file):  2143028 kB
Unevictable:         180 kB
Mlocked:             180 kB
SwapTotal:             0 kB
SwapFree:              0 kB
Dirty:               512 kB
Writeback:             0 kB
AnonPages:        662552 kB
Mapped:            83588 kB
Shmem:             15780 kB
Slab:             234212 kB
SReclaimable:     190636 kB
SUnreclaim:        43576 kB
KernelStack:        3424 kB
PageTables:         9380 kB
NFS_Unstable:          0 kB
Bounce:                0 kB
WritebackTmp:          0 kB
CommitLimit:     4083244 kB
Committed_AS:    1568336 kB
VmallocTotal:   34359738367 kB
VmallocUsed:      121612 kB
VmallocChunk:   34359611388 kB
HardwareCorrupted:     0 kB
AnonHugePages:    847872 kB
HugePages_Total:       0
HugePages_Free:        0
HugePages_Rsvd:        0
HugePages_Surp:        0
Hugepagesize:       2048 kB
DirectMap4k:      354684 kB
DirectMap2M:     8024064 kB


CPU:total 8 (4 cores per cpu, 2 threads per core) family 6 model 30 stepping 5, cmov, cx8, fxsr, mmx, sse, sse2, sse3, ssse3, sse4.1, sse4.2, popcnt, ht, tsc, tscinvbit

/proc/cpuinfo:
processor	: 0
vendor_id	: GenuineIntel
cpu family	: 6
model		: 30
model name	: Intel(R) Core(TM) i7 CPU       Q 720  @ 1.60GHz
stepping	: 5
microcode	: 0x5
cpu MHz		: 933.000
cache size	: 6144 KB
physical id	: 0
siblings	: 8
core id		: 0
cpu cores	: 4
apicid		: 0
initial apicid	: 0
fpu		: yes
fpu_exception	: yes
cpuid level	: 11
wp		: yes
flags		: fpu vme de pse tsc msr pae mce cx8 apic sep mtrr pge mca cmov pat pse36 clflush dts acpi mmx fxsr sse sse2 ss ht tm pbe syscall nx rdtscp lm constant_tsc arch_perfmon pebs bts rep_good nopl xtopology nonstop_tsc aperfmperf pni dtes64 monitor ds_cpl vmx smx est tm2 ssse3 cx16 xtpr pdcm sse4_1 sse4_2 popcnt lahf_lm ida dtherm tpr_shadow vnmi flexpriority ept vpid
bogomips	: 3192.14
clflush size	: 64
cache_alignment	: 64
address sizes	: 36 bits physical, 48 bits virtual
power management:

processor	: 1
vendor_id	: GenuineIntel
cpu family	: 6
model		: 30
model name	: Intel(R) Core(TM) i7 CPU       Q 720  @ 1.60GHz
stepping	: 5
microcode	: 0x5
cpu MHz		: 1600.000
cache size	: 6144 KB
physical id	: 0
siblings	: 8
core id		: 1
cpu cores	: 4
apicid		: 2
initial apicid	: 2
fpu		: yes
fpu_exception	: yes
cpuid level	: 11
wp		: yes
flags		: fpu vme de pse tsc msr pae mce cx8 apic sep mtrr pge mca cmov pat pse36 clflush dts acpi mmx fxsr sse sse2 ss ht tm pbe syscall nx rdtscp lm constant_tsc arch_perfmon pebs bts rep_good nopl xtopology nonstop_tsc aperfmperf pni dtes64 monitor ds_cpl vmx smx est tm2 ssse3 cx16 xtpr pdcm sse4_1 sse4_2 popcnt lahf_lm ida dtherm tpr_shadow vnmi flexpriority ept vpid
bogomips	: 3192.14
clflush size	: 64
cache_alignment	: 64
address sizes	: 36 bits physical, 48 bits virtual
power management:

processor	: 2
vendor_id	: GenuineIntel
cpu family	: 6
model		: 30
model name	: Intel(R) Core(TM) i7 CPU       Q 720  @ 1.60GHz
stepping	: 5
microcode	: 0x5
cpu MHz		: 933.000
cache size	: 6144 KB
physical id	: 0
siblings	: 8
core id		: 2
cpu cores	: 4
apicid		: 4
initial apicid	: 4
fpu		: yes
fpu_exception	: yes
cpuid level	: 11
wp		: yes
flags		: fpu vme de pse tsc msr pae mce cx8 apic sep mtrr pge mca cmov pat pse36 clflush dts acpi mmx fxsr sse sse2 ss ht tm pbe syscall nx rdtscp lm constant_tsc arch_perfmon pebs bts rep_good nopl xtopology nonstop_tsc aperfmperf pni dtes64 monitor ds_cpl vmx smx est tm2 ssse3 cx16 xtpr pdcm sse4_1 sse4_2 popcnt lahf_lm ida dtherm tpr_shadow vnmi flexpriority ept vpid
bogomips	: 3192.14
clflush size	: 64
cache_alignment	: 64
address sizes	: 36 bits physical, 48 bits virtual
power management:

processor	: 3
vendor_id	: GenuineIntel
cpu family	: 6
model		: 30
model name	: Intel(R) Core(TM) i7 CPU       Q 720  @ 1.60GHz
stepping	: 5
microcode	: 0x5
cpu MHz		: 1333.000
cache size	: 6144 KB
physical id	: 0
siblings	: 8
core id		: 3
cpu cores	: 4
apicid		: 6
initial apicid	: 6
fpu		: yes
fpu_exception	: yes
cpuid level	: 11
wp		: yes
flags		: fpu vme de pse tsc msr pae mce cx8 apic sep mtrr pge mca cmov pat pse36 clflush dts acpi mmx fxsr sse sse2 ss ht tm pbe syscall nx rdtscp lm constant_tsc arch_perfmon pebs bts rep_good nopl xtopology nonstop_tsc aperfmperf pni dtes64 monitor ds_cpl vmx smx est tm2 ssse3 cx16 xtpr pdcm sse4_1 sse4_2 popcnt lahf_lm ida dtherm tpr_shadow vnmi flexpriority ept vpid
bogomips	: 3192.14
clflush size	: 64
cache_alignment	: 64
address sizes	: 36 bits physical, 48 bits virtual
power management:

processor	: 4
vendor_id	: GenuineIntel
cpu family	: 6
model		: 30
model name	: Intel(R) Core(TM) i7 CPU       Q 720  @ 1.60GHz
stepping	: 5
microcode	: 0x5
cpu MHz		: 933.000
cache size	: 6144 KB
physical id	: 0
siblings	: 8
core id		: 0
cpu cores	: 4
apicid		: 1
initial apicid	: 1
fpu		: yes
fpu_exception	: yes
cpuid level	: 11
wp		: yes
flags		: fpu vme de pse tsc msr pae mce cx8 apic sep mtrr pge mca cmov pat pse36 clflush dts acpi mmx fxsr sse sse2 ss ht tm pbe syscall nx rdtscp lm constant_tsc arch_perfmon pebs bts rep_good nopl xtopology nonstop_tsc aperfmperf pni dtes64 monitor ds_cpl vmx smx est tm2 ssse3 cx16 xtpr pdcm sse4_1 sse4_2 popcnt lahf_lm ida dtherm tpr_shadow vnmi flexpriority ept vpid
bogomips	: 3192.14
clflush size	: 64
cache_alignment	: 64
address sizes	: 36 bits physical, 48 bits virtual
power management:

processor	: 5
vendor_id	: GenuineIntel
cpu family	: 6
model		: 30
model name	: Intel(R) Core(TM) i7 CPU       Q 720  @ 1.60GHz
stepping	: 5
microcode	: 0x5
cpu MHz		: 933.000
cache size	: 6144 KB
physical id	: 0
siblings	: 8
core id		: 1
cpu cores	: 4
apicid		: 3
initial apicid	: 3
fpu		: yes
fpu_exception	: yes
cpuid level	: 11
wp		: yes
flags		: fpu vme de pse tsc msr pae mce cx8 apic sep mtrr pge mca cmov pat pse36 clflush dts acpi mmx fxsr sse sse2 ss ht tm pbe syscall nx rdtscp lm constant_tsc arch_perfmon pebs bts rep_good nopl xtopology nonstop_tsc aperfmperf pni dtes64 monitor ds_cpl vmx smx est tm2 ssse3 cx16 xtpr pdcm sse4_1 sse4_2 popcnt lahf_lm ida dtherm tpr_shadow vnmi flexpriority ept vpid
bogomips	: 3192.14
clflush size	: 64
cache_alignment	: 64
address sizes	: 36 bits physical, 48 bits virtual
power management:

processor	: 6
vendor_id	: GenuineIntel
cpu family	: 6
model		: 30
model name	: Intel(R) Core(TM) i7 CPU       Q 720  @ 1.60GHz
stepping	: 5
microcode	: 0x5
cpu MHz		: 933.000
cache size	: 6144 KB
physical id	: 0
siblings	: 8
core id		: 2
cpu cores	: 4
apicid		: 5
initial apicid	: 5
fpu		: yes
fpu_exception	: yes
cpuid level	: 11
wp		: yes
flags		: fpu vme de pse tsc msr pae mce cx8 apic sep mtrr pge mca cmov pat pse36 clflush dts acpi mmx fxsr sse sse2 ss ht tm pbe syscall nx rdtscp lm constant_tsc arch_perfmon pebs bts rep_good nopl xtopology nonstop_tsc aperfmperf pni dtes64 monitor ds_cpl vmx smx est tm2 ssse3 cx16 xtpr pdcm sse4_1 sse4_2 popcnt lahf_lm ida dtherm tpr_shadow vnmi flexpriority ept vpid
bogomips	: 3192.14
clflush size	: 64
cache_alignment	: 64
address sizes	: 36 bits physical, 48 bits virtual
power management:

processor	: 7
vendor_id	: GenuineIntel
cpu family	: 6
model		: 30
model name	: Intel(R) Core(TM) i7 CPU       Q 720  @ 1.60GHz
stepping	: 5
microcode	: 0x5
cpu MHz		: 1466.000
cache size	: 6144 KB
physical id	: 0
siblings	: 8
core id		: 3
cpu cores	: 4
apicid		: 7
initial apicid	: 7
fpu		: yes
fpu_exception	: yes
cpuid level	: 11
wp		: yes
flags		: fpu vme de pse tsc msr pae mce cx8 apic sep mtrr pge mca cmov pat pse36 clflush dts acpi mmx fxsr sse sse2 ss ht tm pbe syscall nx rdtscp lm constant_tsc arch_perfmon pebs bts rep_good nopl xtopology nonstop_tsc aperfmperf pni dtes64 monitor ds_cpl vmx smx est tm2 ssse3 cx16 xtpr pdcm sse4_1 sse4_2 popcnt lahf_lm ida dtherm tpr_shadow vnmi flexpriority ept vpid
bogomips	: 3192.14
clflush size	: 64
cache_alignment	: 64
address sizes	: 36 bits physical, 48 bits virtual
power management:



Memory: 4k page, physical 8166492k(4033344k free), swap 0k(0k free)

vm_info: Java HotSpot(TM) 64-Bit Server VM (23.21-b01) for linux-amd64 JRE (1.7.0_21-b11), built on Apr  4 2013 04:03:29 by "java_re" with gcc 4.3.0 20080428 (Red Hat 4.3.0-8)

time: Sat Nov  8 21:10:13 2014
elapsed time: 2440 seconds

